<?xml version="1.0" encoding="UTF-8"?>
<testsuite xmlns:xsi="http://www.w3.org/2001/XMLSchema-instance" xsi:noNamespaceSchemaLocation="https://maven.apache.org/surefire/maven-surefire-plugin/xsd/surefire-test-report.xsd" name="com.experiment1.consumer.AppTest" time="0.059" tests="1" errors="0" skipped="0" failures="0">
  <properties>
    <property name="sun.desktop" value="gnome"/>
    <property name="awt.toolkit" value="sun.awt.X11.XToolkit"/>
    <property name="java.specification.version" value="11"/>
    <property name="sun.cpu.isalist" value=""/>
    <property name="sun.jnu.encoding" value="UTF-8"/>
    <property name="java.class.path" value="/home/RAFAEL.ADAO/src/cdc-sandbox/experiment-1/consumer/target/test-classes:/home/RAFAEL.ADAO/src/cdc-sandbox/experiment-1/consumer/target/classes:/home/RAFAEL.ADAO/.m2/repository/org/apache/beam/beam-sdks-java-core/2.46.0/beam-sdks-java-core-2.46.0.jar:/home/RAFAEL.ADAO/.m2/repository/org/apache/beam/beam-model-pipeline/2.46.0/beam-model-pipeline-2.46.0.jar:/home/RAFAEL.ADAO/.m2/repository/org/conscrypt/conscrypt-openjdk-uber/2.5.2/conscrypt-openjdk-uber-2.5.2.jar:/home/RAFAEL.ADAO/.m2/repository/org/apache/beam/beam-model-job-management/2.46.0/beam-model-job-management-2.46.0.jar:/home/RAFAEL.ADAO/.m2/repository/org/apache/beam/beam-vendor-grpc-1_48_1/0.1/beam-vendor-grpc-1_48_1-0.1.jar:/home/RAFAEL.ADAO/.m2/repository/org/apache/beam/beam-vendor-guava-26_0-jre/0.1/beam-vendor-guava-26_0-jre-0.1.jar:/home/RAFAEL.ADAO/.m2/repository/net/bytebuddy/byte-buddy/1.12.14/byte-buddy-1.12.14.jar:/home/RAFAEL.ADAO/.m2/repository/com/google/code/findbugs/jsr305/3.0.2/jsr305-3.0.2.jar:/home/RAFAEL.ADAO/.m2/repository/com/google/errorprone/error_prone_annotations/2.10.0/error_prone_annotations-2.10.0.jar:/home/RAFAEL.ADAO/.m2/repository/com/fasterxml/jackson/core/jackson-core/2.14.1/jackson-core-2.14.1.jar:/home/RAFAEL.ADAO/.m2/repository/com/fasterxml/jackson/core/jackson-annotations/2.14.1/jackson-annotations-2.14.1.jar:/home/RAFAEL.ADAO/.m2/repository/com/fasterxml/jackson/core/jackson-databind/2.14.1/jackson-databind-2.14.1.jar:/home/RAFAEL.ADAO/.m2/repository/org/slf4j/slf4j-api/1.7.30/slf4j-api-1.7.30.jar:/home/RAFAEL.ADAO/.m2/repository/org/apache/avro/avro/1.8.2/avro-1.8.2.jar:/home/RAFAEL.ADAO/.m2/repository/org/codehaus/jackson/jackson-core-asl/1.9.13/jackson-core-asl-1.9.13.jar:/home/RAFAEL.ADAO/.m2/repository/org/codehaus/jackson/jackson-mapper-asl/1.9.13/jackson-mapper-asl-1.9.13.jar:/home/RAFAEL.ADAO/.m2/repository/com/thoughtworks/paranamer/paranamer/2.7/paranamer-2.7.jar:/home/RAFAEL.ADAO/.m2/repository/org/apache/commons/commons-compress/1.8.1/commons-compress-1.8.1.jar:/home/RAFAEL.ADAO/.m2/repository/org/tukaani/xz/1.5/xz-1.5.jar:/home/RAFAEL.ADAO/.m2/repository/org/xerial/snappy/snappy-java/1.1.8.4/snappy-java-1.1.8.4.jar:/home/RAFAEL.ADAO/.m2/repository/joda-time/joda-time/2.10.10/joda-time-2.10.10.jar:/home/RAFAEL.ADAO/.m2/repository/junit/junit/4.11/junit-4.11.jar:/home/RAFAEL.ADAO/.m2/repository/org/hamcrest/hamcrest-core/1.3/hamcrest-core-1.3.jar:"/>
    <property name="java.vm.vendor" value="Oracle Corporation"/>
    <property name="sun.arch.data.model" value="64"/>
    <property name="java.vendor.url" value="http://java.oracle.com/"/>
    <property name="user.timezone" value=""/>
    <property name="user.country.format" value="BR"/>
    <property name="java.vm.specification.version" value="11"/>
    <property name="os.name" value="Linux"/>
    <property name="sun.java.launcher" value="SUN_STANDARD"/>
    <property name="user.country" value="US"/>
    <property name="sun.boot.library.path" value="/home/RAFAEL.ADAO/.asdf/installs/java/openjdk-11.0.2/lib"/>
    <property name="sun.java.command" value="/home/RAFAEL.ADAO/src/cdc-sandbox/experiment-1/consumer/target/surefire/surefirebooter6720683587875038145.jar /home/RAFAEL.ADAO/src/cdc-sandbox/experiment-1/consumer/target/surefire 2023-03-19T15-24-57_658-jvmRun1 surefire8035521720679238161tmp surefire_018076195769665542374tmp"/>
    <property name="jdk.debug" value="release"/>
    <property name="surefire.test.class.path" value="/home/RAFAEL.ADAO/src/cdc-sandbox/experiment-1/consumer/target/test-classes:/home/RAFAEL.ADAO/src/cdc-sandbox/experiment-1/consumer/target/classes:/home/RAFAEL.ADAO/.m2/repository/org/apache/beam/beam-sdks-java-core/2.46.0/beam-sdks-java-core-2.46.0.jar:/home/RAFAEL.ADAO/.m2/repository/org/apache/beam/beam-model-pipeline/2.46.0/beam-model-pipeline-2.46.0.jar:/home/RAFAEL.ADAO/.m2/repository/org/conscrypt/conscrypt-openjdk-uber/2.5.2/conscrypt-openjdk-uber-2.5.2.jar:/home/RAFAEL.ADAO/.m2/repository/org/apache/beam/beam-model-job-management/2.46.0/beam-model-job-management-2.46.0.jar:/home/RAFAEL.ADAO/.m2/repository/org/apache/beam/beam-vendor-grpc-1_48_1/0.1/beam-vendor-grpc-1_48_1-0.1.jar:/home/RAFAEL.ADAO/.m2/repository/org/apache/beam/beam-vendor-guava-26_0-jre/0.1/beam-vendor-guava-26_0-jre-0.1.jar:/home/RAFAEL.ADAO/.m2/repository/net/bytebuddy/byte-buddy/1.12.14/byte-buddy-1.12.14.jar:/home/RAFAEL.ADAO/.m2/repository/com/google/code/findbugs/jsr305/3.0.2/jsr305-3.0.2.jar:/home/RAFAEL.ADAO/.m2/repository/com/google/errorprone/error_prone_annotations/2.10.0/error_prone_annotations-2.10.0.jar:/home/RAFAEL.ADAO/.m2/repository/com/fasterxml/jackson/core/jackson-core/2.14.1/jackson-core-2.14.1.jar:/home/RAFAEL.ADAO/.m2/repository/com/fasterxml/jackson/core/jackson-annotations/2.14.1/jackson-annotations-2.14.1.jar:/home/RAFAEL.ADAO/.m2/repository/com/fasterxml/jackson/core/jackson-databind/2.14.1/jackson-databind-2.14.1.jar:/home/RAFAEL.ADAO/.m2/repository/org/slf4j/slf4j-api/1.7.30/slf4j-api-1.7.30.jar:/home/RAFAEL.ADAO/.m2/repository/org/apache/avro/avro/1.8.2/avro-1.8.2.jar:/home/RAFAEL.ADAO/.m2/repository/org/codehaus/jackson/jackson-core-asl/1.9.13/jackson-core-asl-1.9.13.jar:/home/RAFAEL.ADAO/.m2/repository/org/codehaus/jackson/jackson-mapper-asl/1.9.13/jackson-mapper-asl-1.9.13.jar:/home/RAFAEL.ADAO/.m2/repository/com/thoughtworks/paranamer/paranamer/2.7/paranamer-2.7.jar:/home/RAFAEL.ADAO/.m2/repository/org/apache/commons/commons-compress/1.8.1/commons-compress-1.8.1.jar:/home/RAFAEL.ADAO/.m2/repository/org/tukaani/xz/1.5/xz-1.5.jar:/home/RAFAEL.ADAO/.m2/repository/org/xerial/snappy/snappy-java/1.1.8.4/snappy-java-1.1.8.4.jar:/home/RAFAEL.ADAO/.m2/repository/joda-time/joda-time/2.10.10/joda-time-2.10.10.jar:/home/RAFAEL.ADAO/.m2/repository/junit/junit/4.11/junit-4.11.jar:/home/RAFAEL.ADAO/.m2/repository/org/hamcrest/hamcrest-core/1.3/hamcrest-core-1.3.jar:"/>
    <property name="sun.cpu.endian" value="little"/>
    <property name="user.home" value="/home/RAFAEL.ADAO"/>
    <property name="user.language" value="en"/>
    <property name="java.specification.vendor" value="Oracle Corporation"/>
    <property name="java.version.date" value="2019-01-15"/>
    <property name="java.home" value="/home/RAFAEL.ADAO/.asdf/installs/java/openjdk-11.0.2"/>
    <property name="file.separator" value="/"/>
    <property name="basedir" value="/home/RAFAEL.ADAO/src/cdc-sandbox/experiment-1/consumer"/>
    <property name="java.vm.compressedOopsMode" value="Zero based"/>
    <property name="line.separator" value="&#10;"/>
    <property name="java.specification.name" value="Java Platform API Specification"/>
    <property name="java.vm.specification.vendor" value="Oracle Corporation"/>
    <property name="java.awt.graphicsenv" value="sun.awt.X11GraphicsEnvironment"/>
    <property name="surefire.real.class.path" value="/home/RAFAEL.ADAO/src/cdc-sandbox/experiment-1/consumer/target/surefire/surefirebooter6720683587875038145.jar"/>
    <property name="sun.management.compiler" value="HotSpot 64-Bit Tiered Compilers"/>
    <property name="java.runtime.version" value="11.0.2+9"/>
    <property name="user.name" value="RAFAEL.ADAO"/>
    <property name="path.separator" value=":"/>
    <property name="os.version" value="5.14.0-1057-oem"/>
    <property name="java.runtime.name" value="OpenJDK Runtime Environment"/>
    <property name="file.encoding" value="UTF-8"/>
    <property name="java.vm.name" value="OpenJDK 64-Bit Server VM"/>
    <property name="java.vendor.version" value="18.9"/>
    <property name="localRepository" value="/home/RAFAEL.ADAO/.m2/repository"/>
    <property name="java.vendor.url.bug" value="http://bugreport.java.com/bugreport/"/>
    <property name="java.io.tmpdir" value="/tmp"/>
    <property name="java.version" value="11.0.2"/>
    <property name="user.dir" value="/home/RAFAEL.ADAO/src/cdc-sandbox/experiment-1/consumer"/>
    <property name="os.arch" value="amd64"/>
    <property name="java.vm.specification.name" value="Java Virtual Machine Specification"/>
    <property name="java.awt.printerjob" value="sun.print.PSPrinterJob"/>
    <property name="user.language.format" value="pt"/>
    <property name="sun.os.patch.level" value="unknown"/>
    <property name="java.library.path" value="/usr/java/packages/lib:/usr/lib64:/lib64:/lib:/usr/lib"/>
    <property name="java.vendor" value="Oracle Corporation"/>
    <property name="java.vm.info" value="mixed mode"/>
    <property name="java.vm.version" value="11.0.2+9"/>
    <property name="sun.io.unicode.encoding" value="UnicodeLittle"/>
    <property name="java.class.version" value="55.0"/>
  </properties>
  <testcase name="shouldAnswerWithTrue" classname="com.experiment1.consumer.AppTest" time="0.001"/>
</testsuite>